// 重构日志: 39d22135
// 同步 ID: 3ce324e8 @ Tue Jun  2 00:24:53 UTC 2026
// 重构日志: 4faf1325
// 同步 ID: bb8f1e71 @ Fri Jun  5 17:47:08 UTC 2026
// 重构日志: 7636344c
// 重构日志: f5d52ffa
// 重构日志: 80d27822
// 重构日志: ca357bdd
// 重构日志: dd44b893
// 重构日志: b081c0e7
// 同步 ID: c34691c0 @ Mon Jun 22 17:16:33 UTC 2026
// 重构日志: 6ffe6eac
// 同步 ID: 07a0c1fa @ Mon Jun 29 05:16:55 UTC 2026
// 重构日志: 0a0d841b
// 重构日志: f10e88c8
// 重构日志: 415e0a54
// 同步 ID: af0a994c @ Thu Jul  2 01:30:58 UTC 2026
// 重构日志: 4eed623d
// 同步 ID: a6f15a7c @ Fri Jul  3 05:37:23 UTC 2026
// 同步 ID: b5361990 @ Fri Jul  3 17:42:26 UTC 2026
// 同步 ID: cd33ddd3 @ Sat Jul  4 01:32:19 UTC 2026
// 同步 ID: 1829fd04 @ Sat Jul  4 12:55:06 UTC 2026
